    Checking yellowbox v0.1.0 (D:\source\YellowBox\src-tauri)
warning: unused import: `self`
 --> src\downloader.rs:3:17
  |
3 | use tokio::fs::{self, File};
  |                 ^^^^
  |
  = note: `#[warn(unused_imports)]` on by default

error[E0308]: mismatched types
  --> src\commands.rs:61:88
   |
61 |             let _ = db_lock.update_state(&current_item.id, current_item.state.clone(), current_item.error_message.clone());
   |                             ------------ arguments to this method are incorrect        ^^^^^^^^^^^^^^^^^^^^^^^^^^^^^^^^^^ expected `Option<&str>`, found `Option<String>`
...
71 |                 update_state!(ProcessingState::Downloaded, None);
   |                 ------------------------------------------------ in this macro invocation
   |
   = note: expected enum `std::option::Option<&str>`
              found enum `std::option::Option<std::string::String>`
note: method defined here
  --> src\db.rs:53:12
   |
53 |     pub fn update_state(
   |            ^^^^^^^^^^^^
...
57 |         error_message: Option<&str>,
   |         ---------------------------
   = note: this error originates in the macro `update_state` (in Nightly builds, run with -Z macro-backtrace for more info)
help: try using `.as_deref()` to convert `std::option::Option<std::string::String>` to `std::option::Option<&str>`
   |
61 |             let _ = db_lock.update_state(&current_item.id, current_item.state.clone(), current_item.error_message.clone().as_deref());
   |                                                                                                                          +++++++++++

error[E0308]: mismatched types
  --> src\commands.rs:61:88
   |
61 |             let _ = db_lock.update_state(&current_item.id, current_item.state.clone(), current_item.error_message.clone());
   |                             ------------ arguments to this method are incorrect        ^^^^^^^^^^^^^^^^^^^^^^^^^^^^^^^^^^ expected `Option<&str>`, found `Option<String>`
...
75 |                 update_state!(ProcessingState::Failed, Some(e.clone()));
   |                 ------------------------------------------------------- in this macro invocation
   |
   = note: expected enum `std::option::Option<&str>`
              found enum `std::option::Option<std::string::String>`
note: method defined here
  --> src\db.rs:53:12
   |
53 |     pub fn update_state(
   |            ^^^^^^^^^^^^
...
57 |         error_message: Option<&str>,
   |         ---------------------------
   = note: this error originates in the macro `update_state` (in Nightly builds, run with -Z macro-backtrace for more info)
help: try using `.as_deref()` to convert `std::option::Option<std::string::String>` to `std::option::Option<&str>`
   |
61 |             let _ = db_lock.update_state(&current_item.id, current_item.state.clone(), current_item.error_message.clone().as_deref());
   |                                                                                                                          +++++++++++

error[E0308]: mismatched types
  --> src\commands.rs:61:88
   |
61 |             let _ = db_lock.update_state(&current_item.id, current_item.state.clone(), current_item.error_message.clone());
   |                             ------------ arguments to this method are incorrect        ^^^^^^^^^^^^^^^^^^^^^^^^^^^^^^^^^^ expected `Option<&str>`, found `Option<String>`
...
90 |                     update_state!(ProcessingState::Extracted, None);
   |                     ----------------------------------------------- in this macro invocation
   |
   = note: expected enum `std::option::Option<&str>`
              found enum `std::option::Option<std::string::String>`
note: method defined here
  --> src\db.rs:53:12
   |
53 |     pub fn update_state(
   |            ^^^^^^^^^^^^
...
57 |         error_message: Option<&str>,
   |         ---------------------------
   = note: this error originates in the macro `update_state` (in Nightly builds, run with -Z macro-backtrace for more info)
help: try using `.as_deref()` to convert `std::option::Option<std::string::String>` to `std::option::Option<&str>`
   |
61 |             let _ = db_lock.update_state(&current_item.id, current_item.state.clone(), current_item.error_message.clone().as_deref());
   |                                                                                                                          +++++++++++

error[E0308]: mismatched types
  --> src\commands.rs:61:88
   |
61 |             let _ = db_lock.update_state(&current_item.id, current_item.state.clone(), current_item.error_message.clone());
   |                             ------------ arguments to this method are incorrect        ^^^^^^^^^^^^^^^^^^^^^^^^^^^^^^^^^^ expected `Option<&str>`, found `Option<String>`
...
94 |                     update_state!(ProcessingState::Failed, Some(e.clone()));
   |                     ------------------------------------------------------- in this macro invocation
   |
   = note: expected enum `std::option::Option<&str>`
              found enum `std::option::Option<std::string::String>`
note: method defined here
  --> src\db.rs:53:12
   |
53 |     pub fn update_state(
   |            ^^^^^^^^^^^^
...
57 |         error_message: Option<&str>,
   |         ---------------------------
   = note: this error originates in the macro `update_state` (in Nightly builds, run with -Z macro-backtrace for more info)
help: try using `.as_deref()` to convert `std::option::Option<std::string::String>` to `std::option::Option<&str>`
   |
61 |             let _ = db_lock.update_state(&current_item.id, current_item.state.clone(), current_item.error_message.clone().as_deref());
   |                                                                                                                          +++++++++++

error[E0308]: mismatched types
  --> src\commands.rs:61:88
   |
61 |             let _ = db_lock.update_state(&current_item.id, current_item.state.clone(), current_item.error_message.clone());
   |                             ------------ arguments to this method are incorrect        ^^^^^^^^^^^^^^^^^^^^^^^^^^^^^^^^^^ expected `Option<&str>`, found `Option<String>`
...
99 |              update_state!(ProcessingState::Failed, Some("Downloaded zip missing".to_string()));
   |              ---------------------------------------------------------------------------------- in this macro invocation
   |
   = note: expected enum `std::option::Option<&str>`
              found enum `std::option::Option<std::string::String>`
note: method defined here
  --> src\db.rs:53:12
   |
53 |     pub fn update_state(
   |            ^^^^^^^^^^^^
...
57 |         error_message: Option<&str>,
   |         ---------------------------
   = note: this error originates in the macro `update_state` (in Nightly builds, run with -Z macro-backtrace for more info)
help: try using `.as_deref()` to convert `std::option::Option<std::string::String>` to `std::option::Option<&str>`
   |
61 |             let _ = db_lock.update_state(&current_item.id, current_item.state.clone(), current_item.error_message.clone().as_deref());
   |                                                                                                                          +++++++++++

error[E0308]: mismatched types
   --> src\commands.rs:61:88
    |
61  |             let _ = db_lock.update_state(&current_item.id, current_item.state.clone(), current_item.error_message.clone());
    |                             ------------ arguments to this method are incorrect        ^^^^^^^^^^^^^^^^^^^^^^^^^^^^^^^^^^ expected `Option<&str>`, found `Option<String>`
...
119 |                       update_state!(ProcessingState::Failed, Some(e.clone()));
    |                       ------------------------------------------------------- in this macro invocation
    |
    = note: expected enum `std::option::Option<&str>`
               found enum `std::option::Option<std::string::String>`
note: method defined here
   --> src\db.rs:53:12
    |
53  |     pub fn update_state(
    |            ^^^^^^^^^^^^
...
57  |         error_message: Option<&str>,
    |         ---------------------------
    = note: this error originates in the macro `update_state` (in Nightly builds, run with -Z macro-backtrace for more info)
help: try using `.as_deref()` to convert `std::option::Option<std::string::String>` to `std::option::Option<&str>`
    |
61  |             let _ = db_lock.update_state(&current_item.id, current_item.state.clone(), current_item.error_message.clone().as_deref());
    |                                                                                                                          +++++++++++

error[E0308]: mismatched types
   --> src\commands.rs:61:88
    |
61  |             let _ = db_lock.update_state(&current_item.id, current_item.state.clone(), current_item.error_message.clone());
    |                             ------------ arguments to this method are incorrect        ^^^^^^^^^^^^^^^^^^^^^^^^^^^^^^^^^^ expected `Option<&str>`, found `Option<String>`
...
124 |                       update_state!(ProcessingState::Failed, Some(e.clone()));
    |                       ------------------------------------------------------- in this macro invocation
    |
    = note: expected enum `std::option::Option<&str>`
               found enum `std::option::Option<std::string::String>`
note: method defined here
   --> src\db.rs:53:12
    |
53  |     pub fn update_state(
    |            ^^^^^^^^^^^^
...
57  |         error_message: Option<&str>,
    |         ---------------------------
    = note: this error originates in the macro `update_state` (in Nightly builds, run with -Z macro-backtrace for more info)
help: try using `.as_deref()` to convert `std::option::Option<std::string::String>` to `std::option::Option<&str>`
    |
61  |             let _ = db_lock.update_state(&current_item.id, current_item.state.clone(), current_item.error_message.clone().as_deref());
    |                                                                                                                          +++++++++++

error[E0308]: mismatched types
   --> src\commands.rs:61:88
    |
61  |             let _ = db_lock.update_state(&current_item.id, current_item.state.clone(), current_item.error_message.clone());
    |                             ------------ arguments to this method are incorrect        ^^^^^^^^^^^^^^^^^^^^^^^^^^^^^^^^^^ expected `Option<&str>`, found `Option<String>`
...
133 |         update_state!(ProcessingState::Combined, None);
    |         ---------------------------------------------- in this macro invocation
    |
    = note: expected enum `std::option::Option<&str>`
               found enum `std::option::Option<std::string::String>`
note: method defined here
   --> src\db.rs:53:12
    |
53  |     pub fn update_state(
    |            ^^^^^^^^^^^^
...
57  |         error_message: Option<&str>,
    |         ---------------------------
    = note: this error originates in the macro `update_state` (in Nightly builds, run with -Z macro-backtrace for more info)
help: try using `.as_deref()` to convert `std::option::Option<std::string::String>` to `std::option::Option<&str>`
    |
61  |             let _ = db_lock.update_state(&current_item.id, current_item.state.clone(), current_item.error_message.clone().as_deref());
    |                                                                                                                          +++++++++++

error[E0308]: mismatched types
   --> src\commands.rs:61:88
    |
61  |             let _ = db_lock.update_state(&current_item.id, current_item.state.clone(), current_item.error_message.clone());
    |                             ------------ arguments to this method are incorrect        ^^^^^^^^^^^^^^^^^^^^^^^^^^^^^^^^^^ expected `Option<&str>`, found `Option<String>`
...
143 |             update_state!(ProcessingState::Failed, Some(format!("Metadata Error: {}", e)));
    |             ------------------------------------------------------------------------------ in this macro invocation
    |
    = note: expected enum `std::option::Option<&str>`
               found enum `std::option::Option<std::string::String>`
note: method defined here
   --> src\db.rs:53:12
    |
53  |     pub fn update_state(
    |            ^^^^^^^^^^^^
...
57  |         error_message: Option<&str>,
    |         ---------------------------
    = note: this error originates in the macro `update_state` (in Nightly builds, run with -Z macro-backtrace for more info)
help: try using `.as_deref()` to convert `std::option::Option<std::string::String>` to `std::option::Option<&str>`
    |
61  |             let _ = db_lock.update_state(&current_item.id, current_item.state.clone(), current_item.error_message.clone().as_deref());
    |                                                                                                                          +++++++++++

error[E0308]: mismatched types
   --> src\commands.rs:61:88
    |
61  |             let _ = db_lock.update_state(&current_item.id, current_item.state.clone(), current_item.error_message.clone());
    |                             ------------ arguments to this method are incorrect        ^^^^^^^^^^^^^^^^^^^^^^^^^^^^^^^^^^ expected `Option<&str>`, found `Option<String>`
...
146 |         update_state!(ProcessingState::Completed, None);
    |         ----------------------------------------------- in this macro invocation
    |
    = note: expected enum `std::option::Option<&str>`
               found enum `std::option::Option<std::string::String>`
note: method defined here
   --> src\db.rs:53:12
    |
53  |     pub fn update_state(
    |            ^^^^^^^^^^^^
...
57  |         error_message: Option<&str>,
    |         ---------------------------
    = note: this error originates in the macro `update_state` (in Nightly builds, run with -Z macro-backtrace for more info)
help: try using `.as_deref()` to convert `std::option::Option<std::string::String>` to `std::option::Option<&str>`
    |
61  |             let _ = db_lock.update_state(&current_item.id, current_item.state.clone(), current_item.error_message.clone().as_deref());
    |                                                                                                                          +++++++++++

For more information about this error, try `rustc --explain E0308`.
warning: `yellowbox` (lib) generated 1 warning
error: could not compile `yellowbox` (lib) due to 10 previous errors; 1 warning emitted
